<?xml version="1.0" encoding="UTF-8"?>
<!-- Generated by org.testng.reporters.JUnitXMLReporter -->
<testsuite ignored="0" hostname="DESKTOP-FI8UJG3" failures="1" tests="2" name="Test" time="9.219" errors="0" timestamp="2022-06-08T20:06:21 IST">
  <testcase classname="com.project.test.FacebookLoginPostLogoutTest" name="FacebookLogin" time="2.573">
    <failure type="java.lang.NullPointerException" message="Cannot invoke &amp;quot;org.openqa.selenium.WebElement.clear()&amp;quot; because &amp;quot;this.emailField&amp;quot; is null">
      <![CDATA[java.lang.NullPointerException: Cannot invoke "org.openqa.selenium.WebElement.clear()" because "this.emailField" is null
at com.facebook.pageobject.FacebookLoginPage.enterUsername(FacebookLoginPage.java:39)
at com.project.test.FacebookLoginPostLogoutTest.FacebookLogin(FacebookLoginPostLogoutTest.java:25)
at java.base/java.util.ArrayList.forEach(ArrayList.java:1511)
... Removed 27 stack frames]]>
    </failure>
  </testcase> <!-- FacebookLogin -->
  <testcase classname="com.project.test.FacebookLoginPostLogoutTest" name="logout" time="0.0">
    <skipped/>
  </testcase> <!-- logout -->
</testsuite> <!-- Test -->
