<?xml version="1.0" encoding="UTF-8"?>
<testng-results ignored="0" total="1" passed="1" failed="0" skipped="0">
  <reporter-output>
  </reporter-output>
  <suite started-at="2022-06-05T14:54:13 IST" name="Suite" finished-at="2022-06-05T14:54:37 IST" duration-ms="24392">
    <groups>
    </groups>
    <test started-at="2022-06-05T14:54:13 IST" name="Test" finished-at="2022-06-05T14:54:37 IST" duration-ms="24392">
      <class name="com.domain.test.FormFillTest">
        <test-method is-config="true" signature="setUp(java.lang.String)[pri:0, instance:com.domain.test.FormFillTest@437da279]" started-at="2022-06-05T14:54:13 IST" name="setUp" finished-at="2022-06-05T14:54:27 IST" duration-ms="13999" status="PASS">
          <params>
            <param index="0">
              <value>
                <![CDATA[firefox]]>
              </value>
            </param>
          </params>
          <reporter-output>
          </reporter-output>
        </test-method> <!-- setUp -->
        <test-method signature="FillForm()[pri:0, instance:com.domain.test.FormFillTest@437da279]" started-at="2022-06-05T14:54:27 IST" name="FillForm" finished-at="2022-06-05T14:54:37 IST" duration-ms="10324" status="PASS">
          <reporter-output>
          </reporter-output>
        </test-method> <!-- FillForm -->
        <test-method is-config="true" signature="tesrDown()[pri:0, instance:com.domain.test.FormFillTest@437da279]" started-at="2022-06-05T14:54:37 IST" name="tesrDown" finished-at="2022-06-05T14:54:37 IST" duration-ms="0" status="PASS">
          <reporter-output>
          </reporter-output>
        </test-method> <!-- tesrDown -->
      </class> <!-- com.domain.test.FormFillTest -->
    </test> <!-- Test -->
  </suite> <!-- Suite -->
</testng-results>
